2026-02-18 09:00:01 INFO user=12 action=login
2026-02-18 09:01:15 INFO user=7 action=login
2026-02-18 09:02:30 WARNING user=5 msg="High memory usage"
2026-02-18 09:03:10 ERROR code=504 msg="Database timeout"
2026-02-18 09:04:22 INFO user=12 action=view_dashboard
2026-02-18 09:05:45 ERROR code=401 msg="Unauthorized"
2026-02-18 09:06:00 INFO user=7 action=login
2026-02-18 09:06:45 INFO user=12 action=logout
2026-02-18 09:07:30 WARNING user=5 msg="Too many requests"
2026-02-18 09:08:05 ERROR code=504 msg="Database timeout"
2026-02-18 09:09:11 INFO user=7 action=view_profile
2026-02-18 09:10:42 ERROR code=504 msg="Database timeout"
2026-02-18 09:11:03 INFO user=22 action=login
2026-02-18 09:12:19 WARNING user=15 msg="Disk almost full"
2026-02-18 09:13:50 INFO user=15 action=update_settings
2026-02-18 09:14:07 ERROR code=401 msg="Unauthorized"
2026-02-18 09:15:33 INFO user=12 action=login
2026-02-18 09:16:10 INFO user=7 action=logout
2026-02-18 09:17:25 WARNING user=22 msg="High memory usage"
2026-02-18 09:18:48 ERROR code=504 msg="Database timeout"
2026-02-18 09:19:02 INFO user=22 action=view_dashboard
2026-02-18 09:20:15 ERROR code=503 msg="Service unavailable"
2026-02-18 09:21:37 INFO user=12 action=view_profile
2026-02-18 09:22:58 WARNING user=5 msg="Too many requests"
2026-02-18 09:23:40 INFO user=7 action=login
2026-02-18 09:24:12 ERROR code=504 msg="Database timeout"
2026-02-18 09:25:30 INFO user=15 action=logout
2026-02-18 09:26:44 WARNING user=4 msg="Slow response"
2026-02-18 09:27:05 INFO user=22 action=logout
2026-02-18 09:29:33 INFO user=99 action=login
2026-02-18 09:28:19 ERROR code=503 msg="Service unavailable"

# Invalid lines below

2026-02-18 INFO user=12 action=login
2026-02-18 09:30:00 DEBUG user=12 action=login
random text not matching format
2026-02-18 09:32:55 INFO action=login
